node.exe : WARN! Build 
not running on Vercel. 
System environment 
variables will not be 
available.
At C:\Program Files\nod
ejs\npx.ps1:29 char:3
+   & $NODE_EXE 
$NPX_CLI_JS $args
+   ~~~~~~~~~~~~~~~~~~~
~~~~~~~~~~
    + CategoryInfo     
         : 
NotSpecified: (WAR    
N! Build not...t be av 
   ailable.:String) 
[], R    emoteException
    + 
FullyQualifiedErrorI   
 d : NativeCommandError
 
WARNING: You should 
not upload the `.next` 
directory.
Installing dependencies...

up to date in 897ms

144 packages are looking for funding
  run `npm fund` for details
Detected Next.js version: 16.1.6
Running "npm run build"

> mkp-website@0.1.0 build
> next build

Γû▓ Next.js 16.1.6 (Turbopack)
- Environments: .env.local

  Creating an optimized production build ...
Γ£ô Compiled successfully in 2.1s
  Running TypeScript ...
  Collecting page data using 15 workers ...
  Generating static pages using 15 workers (0/7) ...
  Generating static pages using 15 workers (1/7) 
  Generating static pages using 15 workers (3/7) 
  Generating static pages using 15 workers (5/7) 
Γ£ô Generating static pages using 15 workers (7/7) in 655.3ms
  Finalizing page optimization ...

Route (app)
Γöî Γùï /
Γö£ Γùï /_not-found
Γö£ Γùï /inventory
Γö£ Γùï /packers-and-movers/delhi
Γöö Γùï /summary


Γùï  (Static)  prerendered as static content

Tracing initial Next.js server files due to missing build trace: 7.099s
Traced Next.js server files in: 7.602s
Tracing entries due to missing build traces:
[
  "C:/mkp/mkp-website/.next/server/app/_global-error/page.js",
  "C:/mkp/mkp-website/.next/server/app/_not-found/page.js",
  "C:/mkp/mkp-website/.next/server/app/inventory/page.js",
  "C:/mkp/mkp-website/.next/server/app/packers-and-movers/delhi/page.js",
  "C:/mkp/mkp-website/.next/server/app/summary/page.js",
  "C:/mkp/mkp-website/.next/server/app/favicon.ico/route.js"
]: 22.361ms
Created all serverless functions in: 66.812ms
Error: Unable to find 
lambda for route: /pack
ers-and-movers/delhi
